-------------------------------------------------------------------------------
Test set: TestSuite
-------------------------------------------------------------------------------
Tests run: 2, Failures: 1, Errors: 0, Skipped: 0, Time elapsed: 32.862 s <<< FAILURE! - in TestSuite
registrationTest(com.graviton.tests.RegistrationPageTest)  Time elapsed: 17.777 s  <<< FAILURE!
java.lang.AssertionError: expected [true] but found [false]
	at com.graviton.tests.RegistrationPageTest.registrationTest(RegistrationPageTest.java:10)

